<?xml version="1.0" encoding="UTF-8"?>
<testsuite xmlns:xsi="http://www.w3.org/2001/XMLSchema-instance" xsi:noNamespaceSchemaLocation="https://maven.apache.org/surefire/maven-surefire-plugin/xsd/surefire-test-report.xsd" name="epam.testing.Site2Test" time="1.457" tests="2" errors="2" skipped="0" failures="0">
  <properties>
    <property name="sun.desktop" value="windows"/>
    <property name="awt.toolkit" value="sun.awt.windows.WToolkit"/>
    <property name="file.encoding.pkg" value="sun.io"/>
    <property name="java.specification.version" value="1.8"/>
    <property name="sun.cpu.isalist" value=""/>
    <property name="sun.jnu.encoding" value="Cp1251"/>
    <property name="java.class.path" value="E:\student\learn\3_course\2_sem\TPO\Lab_10\lab10\target\test-classes;E:\student\learn\3_course\2_sem\TPO\Lab_10\lab10\target\classes;C:\Windows\system32\config\systemprofile\.m2\repository\junit\junit\4.13.1\junit-4.13.1.jar;C:\Windows\system32\config\systemprofile\.m2\repository\org\hamcrest\hamcrest-core\1.3\hamcrest-core-1.3.jar;C:\Windows\system32\config\systemprofile\.m2\repository\org\seleniumhq\selenium\selenium-java\3.141.59\selenium-java-3.141.59.jar;C:\Windows\system32\config\systemprofile\.m2\repository\org\seleniumhq\selenium\selenium-api\3.141.59\selenium-api-3.141.59.jar;C:\Windows\system32\config\systemprofile\.m2\repository\org\seleniumhq\selenium\selenium-chrome-driver\3.141.59\selenium-chrome-driver-3.141.59.jar;C:\Windows\system32\config\systemprofile\.m2\repository\org\seleniumhq\selenium\selenium-edge-driver\3.141.59\selenium-edge-driver-3.141.59.jar;C:\Windows\system32\config\systemprofile\.m2\repository\org\seleniumhq\selenium\selenium-firefox-driver\3.141.59\selenium-firefox-driver-3.141.59.jar;C:\Windows\system32\config\systemprofile\.m2\repository\org\seleniumhq\selenium\selenium-ie-driver\3.141.59\selenium-ie-driver-3.141.59.jar;C:\Windows\system32\config\systemprofile\.m2\repository\org\seleniumhq\selenium\selenium-opera-driver\3.141.59\selenium-opera-driver-3.141.59.jar;C:\Windows\system32\config\systemprofile\.m2\repository\org\seleniumhq\selenium\selenium-remote-driver\3.141.59\selenium-remote-driver-3.141.59.jar;C:\Windows\system32\config\systemprofile\.m2\repository\org\seleniumhq\selenium\selenium-safari-driver\3.141.59\selenium-safari-driver-3.141.59.jar;C:\Windows\system32\config\systemprofile\.m2\repository\org\seleniumhq\selenium\selenium-support\3.141.59\selenium-support-3.141.59.jar;C:\Windows\system32\config\systemprofile\.m2\repository\net\bytebuddy\byte-buddy\1.8.15\byte-buddy-1.8.15.jar;C:\Windows\system32\config\systemprofile\.m2\repository\org\apache\commons\commons-exec\1.3\commons-exec-1.3.jar;C:\Windows\system32\config\systemprofile\.m2\repository\com\google\guava\guava\25.0-jre\guava-25.0-jre.jar;C:\Windows\system32\config\systemprofile\.m2\repository\com\google\code\findbugs\jsr305\1.3.9\jsr305-1.3.9.jar;C:\Windows\system32\config\systemprofile\.m2\repository\org\checkerframework\checker-compat-qual\2.0.0\checker-compat-qual-2.0.0.jar;C:\Windows\system32\config\systemprofile\.m2\repository\com\google\errorprone\error_prone_annotations\2.1.3\error_prone_annotations-2.1.3.jar;C:\Windows\system32\config\systemprofile\.m2\repository\com\google\j2objc\j2objc-annotations\1.1\j2objc-annotations-1.1.jar;C:\Windows\system32\config\systemprofile\.m2\repository\org\codehaus\mojo\animal-sniffer-annotations\1.14\animal-sniffer-annotations-1.14.jar;C:\Windows\system32\config\systemprofile\.m2\repository\com\squareup\okhttp3\okhttp\3.11.0\okhttp-3.11.0.jar;C:\Windows\system32\config\systemprofile\.m2\repository\com\squareup\okio\okio\1.14.0\okio-1.14.0.jar;"/>
    <property name="java.vm.vendor" value="Oracle Corporation"/>
    <property name="sun.arch.data.model" value="32"/>
    <property name="user.variant" value=""/>
    <property name="java.vendor.url" value="http://java.oracle.com/"/>
    <property name="user.timezone" value="Europe/Minsk"/>
    <property name="user.country.format" value="BY"/>
    <property name="java.vm.specification.version" value="1.8"/>
    <property name="os.name" value="Windows 10"/>
    <property name="user.country" value="RU"/>
    <property name="sun.java.launcher" value="SUN_STANDARD"/>
    <property name="sun.boot.library.path" value="C:\Program Files (x86)\Java\jdk1.8.0_202\jre\bin"/>
    <property name="sun.java.command" value="C:\Windows\TEMP\surefire8852212646910952528\surefirebooter6647740022508854062.jar C:\Windows\Temp\surefire8852212646910952528 2024-04-20T08-50-37_801-jvmRun1 surefire6257903908559610042tmp surefire_0229707983625220522tmp"/>
    <property name="surefire.test.class.path" value="E:\student\learn\3_course\2_sem\TPO\Lab_10\lab10\target\test-classes;E:\student\learn\3_course\2_sem\TPO\Lab_10\lab10\target\classes;C:\Windows\system32\config\systemprofile\.m2\repository\junit\junit\4.13.1\junit-4.13.1.jar;C:\Windows\system32\config\systemprofile\.m2\repository\org\hamcrest\hamcrest-core\1.3\hamcrest-core-1.3.jar;C:\Windows\system32\config\systemprofile\.m2\repository\org\seleniumhq\selenium\selenium-java\3.141.59\selenium-java-3.141.59.jar;C:\Windows\system32\config\systemprofile\.m2\repository\org\seleniumhq\selenium\selenium-api\3.141.59\selenium-api-3.141.59.jar;C:\Windows\system32\config\systemprofile\.m2\repository\org\seleniumhq\selenium\selenium-chrome-driver\3.141.59\selenium-chrome-driver-3.141.59.jar;C:\Windows\system32\config\systemprofile\.m2\repository\org\seleniumhq\selenium\selenium-edge-driver\3.141.59\selenium-edge-driver-3.141.59.jar;C:\Windows\system32\config\systemprofile\.m2\repository\org\seleniumhq\selenium\selenium-firefox-driver\3.141.59\selenium-firefox-driver-3.141.59.jar;C:\Windows\system32\config\systemprofile\.m2\repository\org\seleniumhq\selenium\selenium-ie-driver\3.141.59\selenium-ie-driver-3.141.59.jar;C:\Windows\system32\config\systemprofile\.m2\repository\org\seleniumhq\selenium\selenium-opera-driver\3.141.59\selenium-opera-driver-3.141.59.jar;C:\Windows\system32\config\systemprofile\.m2\repository\org\seleniumhq\selenium\selenium-remote-driver\3.141.59\selenium-remote-driver-3.141.59.jar;C:\Windows\system32\config\systemprofile\.m2\repository\org\seleniumhq\selenium\selenium-safari-driver\3.141.59\selenium-safari-driver-3.141.59.jar;C:\Windows\system32\config\systemprofile\.m2\repository\org\seleniumhq\selenium\selenium-support\3.141.59\selenium-support-3.141.59.jar;C:\Windows\system32\config\systemprofile\.m2\repository\net\bytebuddy\byte-buddy\1.8.15\byte-buddy-1.8.15.jar;C:\Windows\system32\config\systemprofile\.m2\repository\org\apache\commons\commons-exec\1.3\commons-exec-1.3.jar;C:\Windows\system32\config\systemprofile\.m2\repository\com\google\guava\guava\25.0-jre\guava-25.0-jre.jar;C:\Windows\system32\config\systemprofile\.m2\repository\com\google\code\findbugs\jsr305\1.3.9\jsr305-1.3.9.jar;C:\Windows\system32\config\systemprofile\.m2\repository\org\checkerframework\checker-compat-qual\2.0.0\checker-compat-qual-2.0.0.jar;C:\Windows\system32\config\systemprofile\.m2\repository\com\google\errorprone\error_prone_annotations\2.1.3\error_prone_annotations-2.1.3.jar;C:\Windows\system32\config\systemprofile\.m2\repository\com\google\j2objc\j2objc-annotations\1.1\j2objc-annotations-1.1.jar;C:\Windows\system32\config\systemprofile\.m2\repository\org\codehaus\mojo\animal-sniffer-annotations\1.14\animal-sniffer-annotations-1.14.jar;C:\Windows\system32\config\systemprofile\.m2\repository\com\squareup\okhttp3\okhttp\3.11.0\okhttp-3.11.0.jar;C:\Windows\system32\config\systemprofile\.m2\repository\com\squareup\okio\okio\1.14.0\okio-1.14.0.jar;"/>
    <property name="sun.cpu.endian" value="little"/>
    <property name="user.home" value="C:\Windows\system32\config\systemprofile"/>
    <property name="user.language" value="ru"/>
    <property name="java.specification.vendor" value="Oracle Corporation"/>
    <property name="java.home" value="C:\Program Files (x86)\Java\jdk1.8.0_202\jre"/>
    <property name="basedir" value="E:\student\learn\3_course\2_sem\TPO\Lab_10\lab10"/>
    <property name="file.separator" value="\"/>
    <property name="line.separator" value="&#10;"/>
    <property name="java.vm.specification.vendor" value="Oracle Corporation"/>
    <property name="java.specification.name" value="Java Platform API Specification"/>
    <property name="java.awt.graphicsenv" value="sun.awt.Win32GraphicsEnvironment"/>
    <property name="surefire.real.class.path" value="C:\Windows\TEMP\surefire8852212646910952528\surefirebooter6647740022508854062.jar"/>
    <property name="sun.boot.class.path" value="C:\Program Files (x86)\Java\jdk1.8.0_202\jre\lib\resources.jar;C:\Program Files (x86)\Java\jdk1.8.0_202\jre\lib\rt.jar;C:\Program Files (x86)\Java\jdk1.8.0_202\jre\lib\sunrsasign.jar;C:\Program Files (x86)\Java\jdk1.8.0_202\jre\lib\jsse.jar;C:\Program Files (x86)\Java\jdk1.8.0_202\jre\lib\jce.jar;C:\Program Files (x86)\Java\jdk1.8.0_202\jre\lib\charsets.jar;C:\Program Files (x86)\Java\jdk1.8.0_202\jre\lib\jfr.jar;C:\Program Files (x86)\Java\jdk1.8.0_202\jre\classes"/>
    <property name="user.script" value=""/>
    <property name="sun.management.compiler" value="HotSpot Client Compiler"/>
    <property name="java.runtime.version" value="1.8.0_202-b08"/>
    <property name="user.name" value="ANDREY$"/>
    <property name="path.separator" value=";"/>
    <property name="os.version" value="10.0"/>
    <property name="java.endorsed.dirs" value="C:\Program Files (x86)\Java\jdk1.8.0_202\jre\lib\endorsed"/>
    <property name="java.runtime.name" value="Java(TM) SE Runtime Environment"/>
    <property name="file.encoding" value="Cp1251"/>
    <property name="java.vm.name" value="Java HotSpot(TM) Client VM"/>
    <property name="localRepository" value="C:\Windows\system32\config\systemprofile\.m2\repository"/>
    <property name="java.vendor.url.bug" value="http://bugreport.sun.com/bugreport/"/>
    <property name="java.io.tmpdir" value="C:\Windows\TEMP\"/>
    <property name="java.version" value="1.8.0_202"/>
    <property name="user.dir" value="E:\student\learn\3_course\2_sem\TPO\Lab_10\lab10"/>
    <property name="os.arch" value="x86"/>
    <property name="java.vm.specification.name" value="Java Virtual Machine Specification"/>
    <property name="java.awt.printerjob" value="sun.awt.windows.WPrinterJob"/>
    <property name="sun.os.patch.level" value=""/>
    <property name="java.library.path" value="C:\Program Files (x86)\Java\jdk1.8.0_202\jre\bin;C:\Windows\Sun\Java\bin;C:\Windows\system32;C:\Windows;C:\Program Files (x86)\Common Files\Oracle\Java\javapath;C:\Program Files\Common Files\Oracle\Java\javapath;E:\Rubish\Oracle\app\Admin\db_home\bin;E:\Rubish\Oracle\Admin\WINDOWS.X64_193000_db_home\bin;E:\Rubish\ORACL\Admin\db_home\bin;E:\Rubish\Oracle\Admin\db_home\bin;C:\Windows\system32;C:\Windows;C:\Windows\System32\Wbem;C:\Windows\System32\WindowsPowerShell\v1.0\;C:\Windows\System32\OpenSSH\;E:\php;C:\Program Files\Microsoft SQL Server\Client SDK\ODBC\170\Tools\Binn\;C:\Program Files\dotnet\;C:\Program Files (x86)\Microsoft SQL Server\150\Tools\Binn\;C:\Program Files\Microsoft SQL Server\150\Tools\Binn\;C:\Program Files\Microsoft SQL Server\150\DTS\Binn\;C:\Program Files (x86)\Microsoft SQL Server\150\DTS\Binn\;C:\Program Files\Azure Data Studio\bin;C:\Program Files\Microsoft SQL Server\120\Tools\Binn\;C:\Program Files\MongoDB\mongosh-1.10.5-win32-x64\bin;E:\;C:\Program Files\Docker\Docker\resources\bin;E:\Rubish\;C:\Program Files (x86)\Java\jdk1.8.0_202\bin\;E:\Rubish\Drivers;E:\Rubish\6sem\bin\;E:\Rubish\apache-maven-3.9.6\bin;C:\Windows\system32\config\systemprofile\AppData\Local\Microsoft\WindowsApps;."/>
    <property name="java.vm.info" value="mixed mode, sharing"/>
    <property name="java.vendor" value="Oracle Corporation"/>
    <property name="java.vm.version" value="25.202-b08"/>
    <property name="java.ext.dirs" value="C:\Program Files (x86)\Java\jdk1.8.0_202\jre\lib\ext;C:\Windows\Sun\Java\lib\ext"/>
    <property name="sun.io.unicode.encoding" value="UnicodeLittle"/>
    <property name="java.class.version" value="52.0"/>
  </properties>
  <testcase name="epam.testing.Site2Test" classname="epam.testing.Site2Test" time="1.456">
    <error message="session not created: Microsoft Edge failed to start: crashed.&#10;  (session not created: DevToolsActivePort file doesn&apos;t exist)&#10;  (The process started from msedge location C:\Program Files (x86)\Microsoft\Edge\Application\msedge.exe is no longer running, so msedgedriver is assuming that msedge has crashed.)&#10;Build info: version: &apos;3.141.59&apos;, revision: &apos;e82be7d358&apos;, time: &apos;2018-11-14T08:17:03&apos;&#10;System info: host: &apos;ANDREY&apos;, ip: &apos;10.208.126.117&apos;, os.name: &apos;Windows 10&apos;, os.arch: &apos;x86&apos;, os.version: &apos;10.0&apos;, java.version: &apos;1.8.0_202&apos;&#10;Driver info: driver.version: EdgeDriver&#10;remote stacktrace: 	GetHandleVerifier [0x00457A53+230547]&#10;	Microsoft::Applications::Events::time_ticks_t::time_ticks_t [0x00333C11+400897]&#10;	Microsoft::Applications::Events::ILogConfiguration::operator* [0x00146070+3568]&#10;	Microsoft::Applications::Events::GUID_t::GUID_t [0x0016C6D8+53976]&#10;	Microsoft::Applications::Events::GUID_t::GUID_t [0x00167CCC+35020]&#10;	Microsoft::Applications::Events::GUID_t::GUID_t [0x00198763+234339]&#10;	Microsoft::Applications::Events::GUID_t::GUID_t [0x0019805C+232540]&#10;	Microsoft::Applications::Events::GUID_t::GUID_t [0x0018EB86+194438]&#10;	Microsoft::Applications::Events::GUID_t::GUID_t [0x00172533+78131]&#10;	Microsoft::Applications::Events::GUID_t::GUID_t [0x00171515+74005]&#10;	Microsoft::Applications::Events::GUID_t::GUID_t [0x00171F3D+76605]&#10;	GetHandleVerifier [0x0054991C+1221468]&#10;	Microsoft::Applications::Events::FromJSON [0x0061A542+132370]&#10;	Microsoft::Applications::Events::FromJSON [0x00619EC7+130711]&#10;	Microsoft::Applications::Events::FromJSON [0x0060ED30+85248]&#10;	Microsoft::Applications::Events::FromJSON [0x0061AF1B+134891]&#10;	Microsoft::Applications::Events::time_ticks_t::time_ticks_t [0x00346ADF+478415]&#10;	Microsoft::Applications::Events::time_ticks_t::time_ticks_t [0x0033C5F8+436200]&#10;	Microsoft::Applications::Events::time_ticks_t::time_ticks_t [0x0033C76B+436571]&#10;	Microsoft::Applications::Events::time_ticks_t::time_ticks_t [0x00326DF4+348132]&#10;	BaseThreadInitThunk [0x76C3FCC9+25]&#10;	RtlGetAppContainerNamedObjectPath [0x774D7C5E+286]&#10;	RtlGetAppContainerNamedObjectPath [0x774D7C2E+238]&#10;	(No symbol) [0x00000000]&#10;" type="org.openqa.selenium.SessionNotCreatedException">org.openqa.selenium.SessionNotCreatedException: 
session not created: Microsoft Edge failed to start: crashed.
  (session not created: DevToolsActivePort file doesn't exist)
  (The process started from msedge location C:\Program Files (x86)\Microsoft\Edge\Application\msedge.exe is no longer running, so msedgedriver is assuming that msedge has crashed.)
Build info: version: '3.141.59', revision: 'e82be7d358', time: '2018-11-14T08:17:03'
System info: host: 'ANDREY', ip: '10.208.126.117', os.name: 'Windows 10', os.arch: 'x86', os.version: '10.0', java.version: '1.8.0_202'
Driver info: driver.version: EdgeDriver
remote stacktrace: 	GetHandleVerifier [0x00457A53+230547]
	Microsoft::Applications::Events::time_ticks_t::time_ticks_t [0x00333C11+400897]
	Microsoft::Applications::Events::ILogConfiguration::operator* [0x00146070+3568]
	Microsoft::Applications::Events::GUID_t::GUID_t [0x0016C6D8+53976]
	Microsoft::Applications::Events::GUID_t::GUID_t [0x00167CCC+35020]
	Microsoft::Applications::Events::GUID_t::GUID_t [0x00198763+234339]
	Microsoft::Applications::Events::GUID_t::GUID_t [0x0019805C+232540]
	Microsoft::Applications::Events::GUID_t::GUID_t [0x0018EB86+194438]
	Microsoft::Applications::Events::GUID_t::GUID_t [0x00172533+78131]
	Microsoft::Applications::Events::GUID_t::GUID_t [0x00171515+74005]
	Microsoft::Applications::Events::GUID_t::GUID_t [0x00171F3D+76605]
	GetHandleVerifier [0x0054991C+1221468]
	Microsoft::Applications::Events::FromJSON [0x0061A542+132370]
	Microsoft::Applications::Events::FromJSON [0x00619EC7+130711]
	Microsoft::Applications::Events::FromJSON [0x0060ED30+85248]
	Microsoft::Applications::Events::FromJSON [0x0061AF1B+134891]
	Microsoft::Applications::Events::time_ticks_t::time_ticks_t [0x00346ADF+478415]
	Microsoft::Applications::Events::time_ticks_t::time_ticks_t [0x0033C5F8+436200]
	Microsoft::Applications::Events::time_ticks_t::time_ticks_t [0x0033C76B+436571]
	Microsoft::Applications::Events::time_ticks_t::time_ticks_t [0x00326DF4+348132]
	BaseThreadInitThunk [0x76C3FCC9+25]
	RtlGetAppContainerNamedObjectPath [0x774D7C5E+286]
	RtlGetAppContainerNamedObjectPath [0x774D7C2E+238]
	(No symbol) [0x00000000]

	at epam.testing.Site2Test.init(Site2Test.java:16)
</error>
    <system-err><![CDATA[Starting Microsoft Edge WebDriver 123.0.2420.81 (8acdca46cf48004ffbe58ea55a26ef75d019022e) on port 11738
To submit feedback, report a bug, or suggest new features, please visit https://github.com/MicrosoftEdge/EdgeWebDriver

Only local connections are allowed.
Please see https://aka.ms/WebDriverSecurity for suggestions on keeping Microsoft Edge WebDriver safe.

Microsoft Edge WebDriver was started successfully.
]]></system-err>
  </testcase>
  <testcase name="epam.testing.Site2Test" classname="epam.testing.Site2Test" time="1.457">
    <error type="java.lang.NullPointerException">java.lang.NullPointerException
	at epam.testing.Site2Test.close(Site2Test.java:37)
</error>
  </testcase>
</testsuite>